{"/Users/manalikale/.gemini/antigravity-ide/scratch/wallet-platform/frontend/src/components/ui/Alert.tsx": {"path":"/Users/manalikale/.gemini/antigravity-ide/scratch/wallet-platform/frontend/src/components/ui/Alert.tsx","statementMap":{"0":{"start":{"line":10,"column":13},"end":{"line":65,"column":null}},"1":{"start":{"line":11,"column":2},"end":{"line":18,"column":null}},"2":{"start":{"line":12,"column":4},"end":{"line":17,"column":null}},"3":{"start":{"line":13,"column":20},"end":{"line":15,"column":null}},"4":{"start":{"line":14,"column":8},"end":{"line":14,"column":null}},"5":{"start":{"line":16,"column":6},"end":{"line":16,"column":null}},"6":{"start":{"line":16,"column":19},"end":{"line":16,"column":null}},"7":{"start":{"line":20,"column":2},"end":{"line":20,"column":null}},"8":{"start":{"line":20,"column":16},"end":{"line":20,"column":null}},"9":{"start":{"line":22,"column":18},"end":{"line":22,"column":null}},"10":{"start":{"line":23,"column":18},"end":{"line":23,"column":null}},"11":{"start":{"line":24,"column":20},"end":{"line":24,"column":null}},"12":{"start":{"line":25,"column":22},"end":{"line":25,"column":null}},"13":{"start":{"line":27,"column":2},"end":{"line":63,"column":null}},"14":{"start":{"line":57,"column":31},"end":{"line":57,"column":null}},"15":{"start":{"line":58,"column":31},"end":{"line":58,"column":null}}},"fnMap":{"0":{"name":"(anonymous_0)","decl":{"start":{"line":10,"column":13},"end":{"line":10,"column":44}},"loc":{"start":{"line":10,"column":95},"end":{"line":65,"column":null}},"line":10},"1":{"name":"(anonymous_1)","decl":{"start":{"line":11,"column":2},"end":{"line":11,"column":18}},"loc":{"start":{"line":11,"column":18},"end":{"line":18,"column":5}},"line":11},"2":{"name":"(anonymous_2)","decl":{"start":{"line":13,"column":20},"end":{"line":13,"column":37}},"loc":{"start":{"line":13,"column":37},"end":{"line":15,"column":9}},"line":13},"3":{"name":"(anonymous_3)","decl":{"start":{"line":16,"column":6},"end":{"line":16,"column":19}},"loc":{"start":{"line":16,"column":19},"end":{"line":16,"column":null}},"line":16},"4":{"name":"(anonymous_4)","decl":{"start":{"line":57,"column":10},"end":{"line":57,"column":25}},"loc":{"start":{"line":57,"column":31},"end":{"line":57,"column":null}},"line":57},"5":{"name":"(anonymous_5)","decl":{"start":{"line":58,"column":10},"end":{"line":58,"column":25}},"loc":{"start":{"line":58,"column":31},"end":{"line":58,"column":null}},"line":58}},"branchMap":{"0":{"loc":{"start":{"line":10,"column":70},"end":{"line":10,"column":95}},"type":"default-arg","locations":[{"start":{"line":10,"column":84},"end":{"line":10,"column":95}}],"line":10},"1":{"loc":{"start":{"line":12,"column":4},"end":{"line":17,"column":null}},"type":"if","locations":[{"start":{"line":12,"column":4},"end":{"line":17,"column":null}},{"start":{},"end":{}}],"line":12},"2":{"loc":{"start":{"line":12,"column":8},"end":{"line":12,"column":28}},"type":"binary-expr","locations":[{"start":{"line":12,"column":8},"end":{"line":12,"column":19}},{"start":{"line":12,"column":19},"end":{"line":12,"column":28}}],"line":12},"3":{"loc":{"start":{"line":20,"column":2},"end":{"line":20,"column":null}},"type":"if","locations":[{"start":{"line":20,"column":2},"end":{"line":20,"column":null}},{"start":{},"end":{}}],"line":20},"4":{"loc":{"start":{"line":23,"column":18},"end":{"line":23,"column":null}},"type":"cond-expr","locations":[{"start":{"line":23,"column":28},"end":{"line":23,"column":55}},{"start":{"line":23,"column":55},"end":{"line":23,"column":null}}],"line":23},"5":{"loc":{"start":{"line":24,"column":20},"end":{"line":24,"column":null}},"type":"cond-expr","locations":[{"start":{"line":24,"column":30},"end":{"line":24,"column":42}},{"start":{"line":24,"column":42},"end":{"line":24,"column":null}}],"line":24},"6":{"loc":{"start":{"line":25,"column":22},"end":{"line":25,"column":null}},"type":"cond-expr","locations":[{"start":{"line":25,"column":32},"end":{"line":25,"column":59}},{"start":{"line":25,"column":59},"end":{"line":25,"column":null}}],"line":25},"7":{"loc":{"start":{"line":43,"column":7},"end":{"line":63,"column":null}},"type":"binary-expr","locations":[{"start":{"line":43,"column":7},"end":{"line":43,"column":null}},{"start":{"line":44,"column":8},"end":{"line":63,"column":null}}],"line":43}},"s":{"0":1,"1":4,"2":4,"3":1,"4":0,"5":1,"6":1,"7":4,"8":1,"9":3,"10":3,"11":4,"12":4,"13":4,"14":0,"15":0},"f":{"0":4,"1":4,"2":0,"3":1,"4":0,"5":0},"b":{"0":[4],"1":[1,3],"2":[4,3],"3":[1,3],"4":[2,1],"5":[2,1],"6":[2,1],"7":[4,1]},"meta":{"lastBranch":8,"lastFunction":6,"lastStatement":16,"seen":{"s:10:13:65:Infinity":0,"f:10:13:10:44":0,"b:10:84:10:95":0,"s:11:2:18:Infinity":1,"f:11:2:11:18":1,"b:12:4:17:Infinity:undefined:undefined:undefined:undefined":1,"s:12:4:17:Infinity":2,"b:12:8:12:19:12:19:12:28":2,"s:13:20:15:Infinity":3,"f:13:20:13:37":2,"s:14:8:14:Infinity":4,"s:16:6:16:Infinity":5,"f:16:6:16:19":3,"s:16:19:16:Infinity":6,"b:20:2:20:Infinity:undefined:undefined:undefined:undefined":3,"s:20:2:20:Infinity":7,"s:20:16:20:Infinity":8,"s:22:18:22:Infinity":9,"s:23:18:23:Infinity":10,"b:23:28:23:55:23:55:23:Infinity":4,"s:24:20:24:Infinity":11,"b:24:30:24:42:24:42:24:Infinity":5,"s:25:22:25:Infinity":12,"b:25:32:25:59:25:59:25:Infinity":6,"s:27:2:63:Infinity":13,"b:43:7:43:Infinity:44:8:63:Infinity":7,"f:57:10:57:25":4,"s:57:31:57:Infinity":14,"f:58:10:58:25":5,"s:58:31:58:Infinity":15},"fnNames":{}}}
,"/Users/manalikale/.gemini/antigravity-ide/scratch/wallet-platform/frontend/src/lib/api.ts": {"path":"/Users/manalikale/.gemini/antigravity-ide/scratch/wallet-platform/frontend/src/lib/api.ts","statementMap":{"0":{"start":{"line":3,"column":16},"end":{"line":3,"column":null}},"1":{"start":{"line":5,"column":12},"end":{"line":10,"column":null}},"2":{"start":{"line":12,"column":13},"end":{"line":17,"column":null}},"3":{"start":{"line":13,"column":2},"end":{"line":13,"column":null}},"4":{"start":{"line":13,"column":31},"end":{"line":13,"column":null}},"5":{"start":{"line":14,"column":2},"end":{"line":14,"column":null}},"6":{"start":{"line":14,"column":32},"end":{"line":14,"column":null}},"7":{"start":{"line":15,"column":15},"end":{"line":15,"column":null}},"8":{"start":{"line":16,"column":2},"end":{"line":16,"column":null}},"9":{"start":{"line":20,"column":0},"end":{"line":26,"column":null}},"10":{"start":{"line":21,"column":16},"end":{"line":21,"column":null}},"11":{"start":{"line":22,"column":2},"end":{"line":24,"column":null}},"12":{"start":{"line":23,"column":4},"end":{"line":23,"column":null}},"13":{"start":{"line":25,"column":2},"end":{"line":25,"column":null}},"14":{"start":{"line":29,"column":0},"end":{"line":63,"column":null}},"15":{"start":{"line":30,"column":16},"end":{"line":30,"column":null}},"16":{"start":{"line":32,"column":28},"end":{"line":32,"column":null}},"17":{"start":{"line":34,"column":4},"end":{"line":59,"column":null}},"18":{"start":{"line":35,"column":6},"end":{"line":35,"column":null}},"19":{"start":{"line":37,"column":27},"end":{"line":37,"column":null}},"20":{"start":{"line":38,"column":6},"end":{"line":58,"column":null}},"21":{"start":{"line":39,"column":8},"end":{"line":55,"column":null}},"22":{"start":{"line":40,"column":27},"end":{"line":42,"column":null}},"23":{"start":{"line":44,"column":67},"end":{"line":44,"column":null}},"24":{"start":{"line":45,"column":10},"end":{"line":45,"column":null}},"25":{"start":{"line":46,"column":10},"end":{"line":46,"column":null}},"26":{"start":{"line":48,"column":10},"end":{"line":48,"column":null}},"27":{"start":{"line":49,"column":10},"end":{"line":49,"column":null}},"28":{"start":{"line":52,"column":10},"end":{"line":52,"column":null}},"29":{"start":{"line":53,"column":10},"end":{"line":53,"column":null}},"30":{"start":{"line":54,"column":10},"end":{"line":54,"column":null}},"31":{"start":{"line":57,"column":8},"end":{"line":57,"column":null}},"32":{"start":{"line":61,"column":4},"end":{"line":61,"column":null}},"33":{"start":{"line":65,"column":13},"end":{"line":73,"column":null}},"34":{"start":{"line":66,"column":2},"end":{"line":66,"column":null}},"35":{"start":{"line":66,"column":12},"end":{"line":66,"column":null}},"36":{"start":{"line":67,"column":17},"end":{"line":67,"column":null}},"37":{"start":{"line":68,"column":2},"end":{"line":68,"column":null}},"38":{"start":{"line":68,"column":34},"end":{"line":68,"column":null}},"39":{"start":{"line":69,"column":2},"end":{"line":71,"column":null}},"40":{"start":{"line":70,"column":4},"end":{"line":70,"column":null}},"41":{"start":{"line":72,"column":2},"end":{"line":72,"column":null}}},"fnMap":{"0":{"name":"(anonymous_0)","decl":{"start":{"line":12,"column":13},"end":{"line":12,"column":28}},"loc":{"start":{"line":12,"column":45},"end":{"line":17,"column":null}},"line":12},"1":{"name":"(anonymous_1)","decl":{"start":{"line":20,"column":25},"end":{"line":20,"column":30}},"loc":{"start":{"line":20,"column":41},"end":{"line":26,"column":1}},"line":20},"2":{"name":"(anonymous_2)","decl":{"start":{"line":29,"column":26},"end":{"line":29,"column":null}},"loc":{"start":{"line":30,"column":16},"end":{"line":30,"column":null}},"line":30},"3":{"name":"(anonymous_3)","decl":{"start":{"line":31,"column":2},"end":{"line":31,"column":9}},"loc":{"start":{"line":31,"column":19},"end":{"line":62,"column":null}},"line":31},"4":{"name":"(anonymous_4)","decl":{"start":{"line":65,"column":13},"end":{"line":65,"column":31}},"loc":{"start":{"line":65,"column":76},"end":{"line":73,"column":null}},"line":65}},"branchMap":{"0":{"loc":{"start":{"line":3,"column":16},"end":{"line":3,"column":null}},"type":"binary-expr","locations":[{"start":{"line":3,"column":16},"end":{"line":3,"column":48}},{"start":{"line":3,"column":48},"end":{"line":3,"column":null}}],"line":3},"1":{"loc":{"start":{"line":13,"column":2},"end":{"line":13,"column":null}},"type":"if","locations":[{"start":{"line":13,"column":2},"end":{"line":13,"column":null}},{"start":{},"end":{}}],"line":13},"2":{"loc":{"start":{"line":14,"column":2},"end":{"line":14,"column":null}},"type":"if","locations":[{"start":{"line":14,"column":2},"end":{"line":14,"column":null}},{"start":{},"end":{}}],"line":14},"3":{"loc":{"start":{"line":15,"column":15},"end":{"line":15,"column":null}},"type":"cond-expr","locations":[{"start":{"line":15,"column":45},"end":{"line":15,"column":68}},{"start":{"line":15,"column":68},"end":{"line":15,"column":null}}],"line":15},"4":{"loc":{"start":{"line":16,"column":19},"end":{"line":16,"column":53}},"type":"cond-expr","locations":[{"start":{"line":16,"column":42},"end":{"line":16,"column":47}},{"start":{"line":16,"column":47},"end":{"line":16,"column":53}}],"line":16},"5":{"loc":{"start":{"line":22,"column":2},"end":{"line":24,"column":null}},"type":"if","locations":[{"start":{"line":22,"column":2},"end":{"line":24,"column":null}},{"start":{},"end":{}}],"line":22},"6":{"loc":{"start":{"line":34,"column":4},"end":{"line":59,"column":null}},"type":"if","locations":[{"start":{"line":34,"column":4},"end":{"line":59,"column":null}},{"start":{},"end":{}}],"line":34},"7":{"loc":{"start":{"line":34,"column":8},"end":{"line":34,"column":67}},"type":"binary-expr","locations":[{"start":{"line":34,"column":8},"end":{"line":34,"column":42}},{"start":{"line":34,"column":42},"end":{"line":34,"column":67}}],"line":34},"8":{"loc":{"start":{"line":38,"column":6},"end":{"line":58,"column":null}},"type":"if","locations":[{"start":{"line":38,"column":6},"end":{"line":58,"column":null}},{"start":{"line":56,"column":13},"end":{"line":58,"column":null}}],"line":38},"9":{"loc":{"start":{"line":66,"column":2},"end":{"line":66,"column":null}},"type":"if","locations":[{"start":{"line":66,"column":2},"end":{"line":66,"column":null}},{"start":{},"end":{}}],"line":66},"10":{"loc":{"start":{"line":68,"column":2},"end":{"line":68,"column":null}},"type":"if","locations":[{"start":{"line":68,"column":2},"end":{"line":68,"column":null}},{"start":{},"end":{}}],"line":68},"11":{"loc":{"start":{"line":69,"column":2},"end":{"line":71,"column":null}},"type":"if","locations":[{"start":{"line":69,"column":2},"end":{"line":71,"column":null}},{"start":{},"end":{}}],"line":69},"12":{"loc":{"start":{"line":69,"column":6},"end":{"line":69,"column":67}},"type":"binary-expr","locations":[{"start":{"line":69,"column":6},"end":{"line":69,"column":31}},{"start":{"line":69,"column":31},"end":{"line":69,"column":52}},{"start":{"line":69,"column":52},"end":{"line":69,"column":67}}],"line":69},"13":{"loc":{"start":{"line":72,"column":9},"end":{"line":72,"column":null}},"type":"binary-expr","locations":[{"start":{"line":72,"column":9},"end":{"line":72,"column":24}},{"start":{"line":72,"column":24},"end":{"line":72,"column":null}}],"line":72}},"s":{"0":1,"1":1,"2":1,"3":0,"4":0,"5":0,"6":0,"7":0,"8":0,"9":1,"10":0,"11":0,"12":0,"13":0,"14":1,"15":0,"16":0,"17":0,"18":0,"19":0,"20":0,"21":0,"22":0,"23":0,"24":0,"25":0,"26":0,"27":0,"28":0,"29":0,"30":0,"31":0,"32":0,"33":1,"34":0,"35":0,"36":0,"37":0,"38":0,"39":0,"40":0,"41":0},"f":{"0":0,"1":0,"2":0,"3":0,"4":0},"b":{"0":[1,1],"1":[0,0],"2":[0,0],"3":[0,0],"4":[0,0],"5":[0,0],"6":[0,0],"7":[0,0],"8":[0,0],"9":[0,0],"10":[0,0],"11":[0,0],"12":[0,0,0],"13":[0,0]},"meta":{"lastBranch":14,"lastFunction":5,"lastStatement":42,"seen":{"s:3:16:3:Infinity":0,"b:3:16:3:48:3:48:3:Infinity":0,"s:5:12:10:Infinity":1,"s:12:13:17:Infinity":2,"f:12:13:12:28":0,"b:13:2:13:Infinity:undefined:undefined:undefined:undefined":1,"s:13:2:13:Infinity":3,"s:13:31:13:Infinity":4,"b:14:2:14:Infinity:undefined:undefined:undefined:undefined":2,"s:14:2:14:Infinity":5,"s:14:32:14:Infinity":6,"s:15:15:15:Infinity":7,"b:15:45:15:68:15:68:15:Infinity":3,"s:16:2:16:Infinity":8,"b:16:42:16:47:16:47:16:53":4,"s:20:0:26:Infinity":9,"f:20:25:20:30":1,"s:21:16:21:Infinity":10,"b:22:2:24:Infinity:undefined:undefined:undefined:undefined":5,"s:22:2:24:Infinity":11,"s:23:4:23:Infinity":12,"s:25:2:25:Infinity":13,"s:29:0:63:Infinity":14,"f:29:26:29:Infinity":2,"s:30:16:30:Infinity":15,"f:31:2:31:9":3,"s:32:28:32:Infinity":16,"b:34:4:59:Infinity:undefined:undefined:undefined:undefined":6,"s:34:4:59:Infinity":17,"b:34:8:34:42:34:42:34:67":7,"s:35:6:35:Infinity":18,"s:37:27:37:Infinity":19,"b:38:6:58:Infinity:56:13:58:Infinity":8,"s:38:6:58:Infinity":20,"s:39:8:55:Infinity":21,"s:40:27:42:Infinity":22,"s:44:67:44:Infinity":23,"s:45:10:45:Infinity":24,"s:46:10:46:Infinity":25,"s:48:10:48:Infinity":26,"s:49:10:49:Infinity":27,"s:52:10:52:Infinity":28,"s:53:10:53:Infinity":29,"s:54:10:54:Infinity":30,"s:57:8:57:Infinity":31,"s:61:4:61:Infinity":32,"s:65:13:73:Infinity":33,"f:65:13:65:31":4,"b:66:2:66:Infinity:undefined:undefined:undefined:undefined":9,"s:66:2:66:Infinity":34,"s:66:12:66:Infinity":35,"s:67:17:67:Infinity":36,"b:68:2:68:Infinity:undefined:undefined:undefined:undefined":10,"s:68:2:68:Infinity":37,"s:68:34:68:Infinity":38,"b:69:2:71:Infinity:undefined:undefined:undefined:undefined":11,"s:69:2:71:Infinity":39,"b:69:6:69:31:69:31:69:52:69:52:69:67":12,"s:70:4:70:Infinity":40,"s:72:2:72:Infinity":41,"b:72:9:72:24:72:24:72:Infinity":13},"fnNames":{}}}
,"/Users/manalikale/.gemini/antigravity-ide/scratch/wallet-platform/frontend/src/lib/formatters.ts": {"path":"/Users/manalikale/.gemini/antigravity-ide/scratch/wallet-platform/frontend/src/lib/formatters.ts","statementMap":{"0":{"start":{"line":5,"column":49},"end":{"line":10,"column":null}},"1":{"start":{"line":13,"column":14},"end":{"line":13,"column":null}},"2":{"start":{"line":14,"column":17},"end":{"line":14,"column":null}},"3":{"start":{"line":15,"column":2},"end":{"line":18,"column":null}},"4":{"start":{"line":22,"column":15},"end":{"line":22,"column":null}},"5":{"start":{"line":23,"column":2},"end":{"line":29,"column":null}},"6":{"start":{"line":33,"column":15},"end":{"line":33,"column":null}},"7":{"start":{"line":34,"column":14},"end":{"line":34,"column":null}},"8":{"start":{"line":35,"column":17},"end":{"line":35,"column":null}},"9":{"start":{"line":36,"column":19},"end":{"line":36,"column":null}},"10":{"start":{"line":37,"column":20},"end":{"line":37,"column":null}},"11":{"start":{"line":38,"column":19},"end":{"line":38,"column":null}},"12":{"start":{"line":40,"column":2},"end":{"line":40,"column":null}},"13":{"start":{"line":40,"column":20},"end":{"line":40,"column":null}},"14":{"start":{"line":41,"column":2},"end":{"line":41,"column":null}},"15":{"start":{"line":41,"column":21},"end":{"line":41,"column":null}},"16":{"start":{"line":42,"column":2},"end":{"line":42,"column":null}},"17":{"start":{"line":42,"column":22},"end":{"line":42,"column":null}},"18":{"start":{"line":43,"column":2},"end":{"line":43,"column":null}},"19":{"start":{"line":43,"column":20},"end":{"line":43,"column":null}},"20":{"start":{"line":44,"column":2},"end":{"line":44,"column":null}}},"fnMap":{"0":{"name":"formatCurrency","decl":{"start":{"line":12,"column":16},"end":{"line":12,"column":31}},"loc":{"start":{"line":12,"column":82},"end":{"line":19,"column":null}},"line":12},"1":{"name":"formatDate","decl":{"start":{"line":21,"column":16},"end":{"line":21,"column":27}},"loc":{"start":{"line":21,"column":52},"end":{"line":30,"column":null}},"line":21},"2":{"name":"formatRelativeTime","decl":{"start":{"line":32,"column":16},"end":{"line":32,"column":35}},"loc":{"start":{"line":32,"column":60},"end":{"line":45,"column":null}},"line":32}},"branchMap":{"0":{"loc":{"start":{"line":13,"column":14},"end":{"line":13,"column":null}},"type":"cond-expr","locations":[{"start":{"line":13,"column":43},"end":{"line":13,"column":64}},{"start":{"line":13,"column":64},"end":{"line":13,"column":null}}],"line":13},"1":{"loc":{"start":{"line":14,"column":17},"end":{"line":14,"column":null}},"type":"binary-expr","locations":[{"start":{"line":14,"column":17},"end":{"line":14,"column":47}},{"start":{"line":14,"column":47},"end":{"line":14,"column":null}}],"line":14},"2":{"loc":{"start":{"line":40,"column":2},"end":{"line":40,"column":null}},"type":"if","locations":[{"start":{"line":40,"column":2},"end":{"line":40,"column":null}},{"start":{},"end":{}}],"line":40},"3":{"loc":{"start":{"line":41,"column":2},"end":{"line":41,"column":null}},"type":"if","locations":[{"start":{"line":41,"column":2},"end":{"line":41,"column":null}},{"start":{},"end":{}}],"line":41},"4":{"loc":{"start":{"line":42,"column":2},"end":{"line":42,"column":null}},"type":"if","locations":[{"start":{"line":42,"column":2},"end":{"line":42,"column":null}},{"start":{},"end":{}}],"line":42},"5":{"loc":{"start":{"line":43,"column":2},"end":{"line":43,"column":null}},"type":"if","locations":[{"start":{"line":43,"column":2},"end":{"line":43,"column":null}},{"start":{},"end":{}}],"line":43}},"s":{"0":1,"1":3,"2":3,"3":3,"4":2,"5":2,"6":5,"7":5,"8":5,"9":5,"10":5,"11":5,"12":5,"13":1,"14":4,"15":1,"16":3,"17":1,"18":2,"19":1,"20":1},"f":{"0":3,"1":2,"2":5},"b":{"0":[3,0],"1":[3,0],"2":[1,4],"3":[1,3],"4":[1,2],"5":[1,1]},"meta":{"lastBranch":6,"lastFunction":3,"lastStatement":21,"seen":{"s:5:49:10:Infinity":0,"f:12:16:12:31":0,"s:13:14:13:Infinity":1,"b:13:43:13:64:13:64:13:Infinity":0,"s:14:17:14:Infinity":2,"b:14:17:14:47:14:47:14:Infinity":1,"s:15:2:18:Infinity":3,"f:21:16:21:27":1,"s:22:15:22:Infinity":4,"s:23:2:29:Infinity":5,"f:32:16:32:35":2,"s:33:15:33:Infinity":6,"s:34:14:34:Infinity":7,"s:35:17:35:Infinity":8,"s:36:19:36:Infinity":9,"s:37:20:37:Infinity":10,"s:38:19:38:Infinity":11,"b:40:2:40:Infinity:undefined:undefined:undefined:undefined":2,"s:40:2:40:Infinity":12,"s:40:20:40:Infinity":13,"b:41:2:41:Infinity:undefined:undefined:undefined:undefined":3,"s:41:2:41:Infinity":14,"s:41:21:41:Infinity":15,"b:42:2:42:Infinity:undefined:undefined:undefined:undefined":4,"s:42:2:42:Infinity":16,"s:42:22:42:Infinity":17,"b:43:2:43:Infinity:undefined:undefined:undefined:undefined":5,"s:43:2:43:Infinity":18,"s:43:20:43:Infinity":19,"s:44:2:44:Infinity":20},"fnNames":{}}}
,"/Users/manalikale/.gemini/antigravity-ide/scratch/wallet-platform/frontend/src/store/authStore.ts": {"path":"/Users/manalikale/.gemini/antigravity-ide/scratch/wallet-platform/frontend/src/store/authStore.ts","statementMap":{"0":{"start":{"line":27,"column":28},"end":{"line":121,"column":null}},"1":{"start":{"line":27,"column":56},"end":{"line":121,"column":2}},"2":{"start":{"line":33,"column":4},"end":{"line":33,"column":null}},"3":{"start":{"line":34,"column":4},"end":{"line":47,"column":null}},"4":{"start":{"line":35,"column":23},"end":{"line":35,"column":null}},"5":{"start":{"line":36,"column":46},"end":{"line":36,"column":null}},"6":{"start":{"line":37,"column":6},"end":{"line":37,"column":null}},"7":{"start":{"line":38,"column":6},"end":{"line":38,"column":null}},"8":{"start":{"line":39,"column":6},"end":{"line":39,"column":null}},"9":{"start":{"line":42,"column":27},"end":{"line":42,"column":null}},"10":{"start":{"line":43,"column":6},"end":{"line":43,"column":null}},"11":{"start":{"line":45,"column":6},"end":{"line":45,"column":null}},"12":{"start":{"line":46,"column":6},"end":{"line":46,"column":null}},"13":{"start":{"line":51,"column":4},"end":{"line":51,"column":null}},"14":{"start":{"line":52,"column":4},"end":{"line":69,"column":null}},"15":{"start":{"line":53,"column":23},"end":{"line":58,"column":null}},"16":{"start":{"line":59,"column":46},"end":{"line":59,"column":null}},"17":{"start":{"line":60,"column":6},"end":{"line":60,"column":null}},"18":{"start":{"line":61,"column":6},"end":{"line":61,"column":null}},"19":{"start":{"line":62,"column":6},"end":{"line":62,"column":null}},"20":{"start":{"line":64,"column":27},"end":{"line":64,"column":null}},"21":{"start":{"line":65,"column":6},"end":{"line":65,"column":null}},"22":{"start":{"line":67,"column":6},"end":{"line":67,"column":null}},"23":{"start":{"line":68,"column":6},"end":{"line":68,"column":null}},"24":{"start":{"line":73,"column":4},"end":{"line":73,"column":null}},"25":{"start":{"line":74,"column":4},"end":{"line":74,"column":null}},"26":{"start":{"line":75,"column":4},"end":{"line":75,"column":null}},"27":{"start":{"line":79,"column":4},"end":{"line":86,"column":null}},"28":{"start":{"line":80,"column":23},"end":{"line":80,"column":null}},"29":{"start":{"line":81,"column":6},"end":{"line":81,"column":null}},"30":{"start":{"line":83,"column":6},"end":{"line":83,"column":null}},"31":{"start":{"line":84,"column":6},"end":{"line":84,"column":null}},"32":{"start":{"line":85,"column":6},"end":{"line":85,"column":null}},"33":{"start":{"line":90,"column":18},"end":{"line":90,"column":null}},"34":{"start":{"line":91,"column":4},"end":{"line":93,"column":null}},"35":{"start":{"line":92,"column":6},"end":{"line":92,"column":null}},"36":{"start":{"line":97,"column":4},"end":{"line":97,"column":null}},"37":{"start":{"line":98,"column":4},"end":{"line":104,"column":null}},"38":{"start":{"line":99,"column":23},"end":{"line":99,"column":null}},"39":{"start":{"line":100,"column":6},"end":{"line":100,"column":null}},"40":{"start":{"line":102,"column":6},"end":{"line":102,"column":null}},"41":{"start":{"line":103,"column":6},"end":{"line":103,"column":null}},"42":{"start":{"line":108,"column":4},"end":{"line":108,"column":null}},"43":{"start":{"line":109,"column":4},"end":{"line":119,"column":null}},"44":{"start":{"line":110,"column":23},"end":{"line":110,"column":null}},"45":{"start":{"line":111,"column":6},"end":{"line":111,"column":null}},"46":{"start":{"line":112,"column":23},"end":{"line":114,"column":null}},"47":{"start":{"line":115,"column":6},"end":{"line":115,"column":null}},"48":{"start":{"line":117,"column":6},"end":{"line":117,"column":null}},"49":{"start":{"line":118,"column":6},"end":{"line":118,"column":null}}},"fnMap":{"0":{"name":"(anonymous_0)","decl":{"start":{"line":27,"column":28},"end":{"line":27,"column":47}},"loc":{"start":{"line":27,"column":56},"end":{"line":121,"column":2}},"line":27},"1":{"name":"(anonymous_1)","decl":{"start":{"line":32,"column":9},"end":{"line":32,"column":16}},"loc":{"start":{"line":32,"column":36},"end":{"line":48,"column":null}},"line":32},"2":{"name":"(anonymous_2)","decl":{"start":{"line":50,"column":10},"end":{"line":50,"column":17}},"loc":{"start":{"line":50,"column":67},"end":{"line":70,"column":null}},"line":50},"3":{"name":"(anonymous_3)","decl":{"start":{"line":72,"column":2},"end":{"line":72,"column":16}},"loc":{"start":{"line":72,"column":16},"end":{"line":76,"column":null}},"line":72},"4":{"name":"(anonymous_4)","decl":{"start":{"line":78,"column":13},"end":{"line":78,"column":25}},"loc":{"start":{"line":78,"column":25},"end":{"line":87,"column":null}},"line":78},"5":{"name":"(anonymous_5)","decl":{"start":{"line":89,"column":2},"end":{"line":89,"column":19}},"loc":{"start":{"line":89,"column":19},"end":{"line":94,"column":null}},"line":89},"6":{"name":"(anonymous_6)","decl":{"start":{"line":96,"column":17},"end":{"line":96,"column":24}},"loc":{"start":{"line":96,"column":33},"end":{"line":105,"column":null}},"line":96},"7":{"name":"(anonymous_7)","decl":{"start":{"line":107,"column":15},"end":{"line":107,"column":22}},"loc":{"start":{"line":107,"column":37},"end":{"line":120,"column":null}},"line":107}},"branchMap":{"0":{"loc":{"start":{"line":91,"column":4},"end":{"line":93,"column":null}},"type":"if","locations":[{"start":{"line":91,"column":4},"end":{"line":93,"column":null}},{"start":{},"end":{}}],"line":91}},"s":{"0":1,"1":1,"2":0,"3":0,"4":0,"5":0,"6":0,"7":0,"8":0,"9":0,"10":0,"11":0,"12":0,"13":0,"14":0,"15":0,"16":0,"17":0,"18":0,"19":0,"20":0,"21":0,"22":0,"23":0,"24":1,"25":1,"26":1,"27":0,"28":0,"29":0,"30":0,"31":0,"32":0,"33":1,"34":1,"35":1,"36":0,"37":0,"38":0,"39":0,"40":0,"41":0,"42":0,"43":0,"44":0,"45":0,"46":0,"47":0,"48":0,"49":0},"f":{"0":1,"1":0,"2":0,"3":1,"4":0,"5":1,"6":0,"7":0},"b":{"0":[1,0]},"meta":{"lastBranch":1,"lastFunction":8,"lastStatement":50,"seen":{"s:27:28:121:Infinity":0,"f:27:28:27:47":0,"s:27:56:121:2":1,"f:32:9:32:16":1,"s:33:4:33:Infinity":2,"s:34:4:47:Infinity":3,"s:35:23:35:Infinity":4,"s:36:46:36:Infinity":5,"s:37:6:37:Infinity":6,"s:38:6:38:Infinity":7,"s:39:6:39:Infinity":8,"s:42:27:42:Infinity":9,"s:43:6:43:Infinity":10,"s:45:6:45:Infinity":11,"s:46:6:46:Infinity":12,"f:50:10:50:17":2,"s:51:4:51:Infinity":13,"s:52:4:69:Infinity":14,"s:53:23:58:Infinity":15,"s:59:46:59:Infinity":16,"s:60:6:60:Infinity":17,"s:61:6:61:Infinity":18,"s:62:6:62:Infinity":19,"s:64:27:64:Infinity":20,"s:65:6:65:Infinity":21,"s:67:6:67:Infinity":22,"s:68:6:68:Infinity":23,"f:72:2:72:16":3,"s:73:4:73:Infinity":24,"s:74:4:74:Infinity":25,"s:75:4:75:Infinity":26,"f:78:13:78:25":4,"s:79:4:86:Infinity":27,"s:80:23:80:Infinity":28,"s:81:6:81:Infinity":29,"s:83:6:83:Infinity":30,"s:84:6:84:Infinity":31,"s:85:6:85:Infinity":32,"f:89:2:89:19":5,"s:90:18:90:Infinity":33,"b:91:4:93:Infinity:undefined:undefined:undefined:undefined":0,"s:91:4:93:Infinity":34,"s:92:6:92:Infinity":35,"f:96:17:96:24":6,"s:97:4:97:Infinity":36,"s:98:4:104:Infinity":37,"s:99:23:99:Infinity":38,"s:100:6:100:Infinity":39,"s:102:6:102:Infinity":40,"s:103:6:103:Infinity":41,"f:107:15:107:22":7,"s:108:4:108:Infinity":42,"s:109:4:119:Infinity":43,"s:110:23:110:Infinity":44,"s:111:6:111:Infinity":45,"s:112:23:114:Infinity":46,"s:115:6:115:Infinity":47,"s:117:6:117:Infinity":48,"s:118:6:118:Infinity":49},"fnNames":{}}}
}
